Arguments: 
  /Users/dale/.nvm/versions/node/v8.1.4/bin/node /usr/local/Cellar/yarn/1.5.1_1/libexec/bin/yarn.js init

PATH: 
  /Users/dale/.avn/bin:/Users/dale/.nvm/versions/node/v8.1.4/bin:node_modules/.bin:/Users/dale/Library/Android/sdk/platform-tools:/Users/dale/bin:/usr/local/bin/vim:/usr/local/bin:/usr/local/sbin:/usr/bin:/bin:/usr/sbin:/sbin:/usr/local/share/dotnet:/Users/dale/.yadr/bin:/Users/dale/.yadr/bin/yadr

Yarn version: 
  1.5.1

Node version: 
  8.1.4

Platform: 
  darwin x64

npm manifest: 
  No manifest

yarn manifest: 
  No manifest

Lockfile: 
  No lockfile

Trace: 
  Error: canceled
      at Interface.<anonymous> (/usr/local/Cellar/yarn/1.5.1_1/libexec/lib/cli.js:128791:13)
      at emitNone (events.js:105:13)
      at Interface.emit (events.js:207:7)
      at Interface._ttyWrite (readline.js:768:16)
      at ReadStream.onkeypress (readline.js:157:10)
      at emitTwo (events.js:125:13)
      at ReadStream.emit (events.js:213:7)
      at emitKeys (internal/readline.js:417:14)
      at emitKeys.next (<anonymous>)
      at ReadStream.onData (readline.js:1005:36)
